The system is: Windows - 10.0.19045 - AMD64
Compiling the CXX compiler identification source file "CMakeCXXCompilerId.cpp" succeeded.
Compiler:  
Build flags: 
Id flags:  

The output was:
0
в•ЁРўв•Ёв•Ўв•ӨРҗв•ӨР‘в•Ёв••в•ӨРҹ MSBuild 17.14.23+b0019275e в•Ёв”Өв•Ёв•—в•ӨРҹ .NET Framework
в•ЁРұв•Ёв–’в•Ёв•ӣв•ӨРҗв•Ёв•‘в•Ёв–‘ в•Ёв•ңв•Ёв–‘в•ӨР—в•Ёв–‘в•ӨР’в•Ёв–‘ 30.04.2026 10:16:27.

в•ЁРҜв•ӨРҗв•Ёв•ӣв•Ёв•Ўв•Ёв•‘в•ӨР’ "D:\GIT_PROJECT\Homeworks_Netology_C_plus_plus\Qt_programming\12-Qt_Diplom\Source\indexer\build\CMakeFiles\3.24.2\CompilerIdCXX\CompilerIdCXX.vcxproj" в•Ёв–“ в•ӨР“в•Ёв•–в•Ёв•—в•Ёв•Ў 1 (в•ӨР–в•Ёв•Ўв•Ёв•—в•Ёв•Ўв•Ёв–“в•ӨРӣв•Ёв•Ў в•Ёв•ӣв•Ёв–’в•ӨРҡв•Ёв•Ўв•Ёв•‘в•ӨР’в•ӨРӣ в•Ёв”җв•Ёв•ӣ в•ӨР“в•Ёв•қв•Ёв•ӣв•Ёв•—в•ӨР—в•Ёв–‘в•Ёв•ңв•Ёв••в•ӨРһ).
PrepareForBuild:
  в•ЁРұв•Ёв•ӣв•Ёв•–в•Ёв”Өв•Ёв–‘в•Ёв•ңв•Ёв••в•Ёв•Ў в•Ёв•‘в•Ёв–‘в•ӨР’в•Ёв–‘в•Ёв•—в•Ёв•ӣв•Ёв”Ӯв•Ёв–‘ "Debug\".
  в•ЁРұв•ӨР’в•ӨРҗв•ӨР“в•Ёв•‘в•ӨР’в•ӨР“в•ӨРҗв•Ёв••в•ӨРҗв•Ёв•ӣв•Ёв–“в•Ёв–‘в•Ёв•ңв•Ёв•ңв•ӨРӣв•Ёв•Ј в•Ёв–“в•ӨРӣв•Ёв–“в•Ёв•ӣв•Ёв”Ө в•Ёв–“в•Ёв•‘в•Ёв•—в•ӨРһв•ӨР—в•Ёв•Ўв•Ёв•ң. в•ЁРҙв•Ёв•ӣв•ӨРҗв•Ёв•қв•Ёв–‘в•ӨР’в•Ёв••в•ӨРҗв•Ёв•ӣв•Ёв–“в•Ёв–‘в•Ёв•ңв•Ёв••в•Ёв•Ў в•Ёв”Өв•Ёв••в•Ёв–‘в•Ёв”Ӯв•Ёв•ңв•Ёв•ӣв•ӨР‘в•ӨР’в•Ёв••в•Ёв•‘в•Ёв•• в•Ёв•‘в•Ёв•ӣв•Ёв•қв•Ёв”җв•Ёв••в•Ёв•—в•ӨРҹв•ӨР’в•Ёв•ӣв•ӨРҗв•Ёв–‘ в•Ёв–’в•ӨР“в•Ёв”Өв•Ёв•Ўв•ӨР’ в•Ёв•ӣв•ӨР’в•ӨРҗв•Ёв–‘в•Ёв•ўв•Ёв–‘в•ӨР’в•ӨРң в•Ёв••в•Ёв•Ўв•ӨРҗв•Ёв–‘в•ӨРҗв•ӨР•в•Ёв••в•ӨРһ в•Ёв•ӣв•ӨРҳв•Ёв••в•Ёв–’в•Ёв•ӣв•Ёв•‘. в•ЁРҜв•Ёв•ӣв•Ёв”Өв•ӨРҗв•Ёв•ӣв•Ёв–’в•Ёв•ңв•Ёв•Ўв•Ёв•Ў в•ӨР‘в•Ёв•қ. https://aka.ms/cpp/structured-output.
  в•ЁРұв•Ёв•ӣв•Ёв•–в•Ёв”Өв•Ёв–‘в•Ёв•ңв•Ёв••в•Ёв•Ў в•Ёв•‘в•Ёв–‘в•ӨР’в•Ёв–‘в•Ёв•—в•Ёв•ӣв•Ёв”Ӯв•Ёв–‘ "Debug\CompilerIdCXX.tlog\".
InitializeBuildStatus:
  в•ЁРұв•Ёв•ӣв•Ёв•–в•Ёв”Өв•Ёв–‘в•Ёв•ңв•Ёв••в•Ёв•Ў "Debug\CompilerIdCXX.tlog\unsuccessfulbuild", в•ӨР’в•Ёв–‘в•Ёв•‘ в•Ёв•‘в•Ёв–‘в•Ёв•‘ в•Ёв–’в•ӨРӣв•Ёв•—в•Ёв•ӣ в•Ёв•–в•Ёв–‘в•Ёв”Өв•Ёв–‘в•Ёв•ңв•Ёв•ӣ "AlwaysCreate".
  в•ЁР®в•Ёв–’в•ӨРҗв•Ёв–‘в•ӨРҷв•Ёв•Ўв•Ёв•ңв•Ёв••в•Ёв•Ў в•Ёв•‘ "Debug\CompilerIdCXX.tlog\unsuccessfulbuild".
VcpkgTripletSelection:
  Using triplet "x64-windows" from "C:\Tools\vcpkg\installed\x64-windows\"
  Using normalized configuration "Release"
ClCompile:
  C:\Program Files\Microsoft Visual Studio\2022\Community\VC\Tools\MSVC\14.44.35207\bin\HostX64\x64\CL.exe /c /I"C:\Tools\vcpkg\installed\x64-windows\include" /nologo /W0 /WX- /diagnostics:column /Od /D _MBCS /Gm- /EHsc /RTC1 /MDd /GS /fp:precise /Zc:wchar_t /Zc:forScope /Zc:inline /Fo"Debug\\" /Fd"Debug\vc143.pdb" /external:W0 /Gd /TP /FC /errorReport:queue CMakeCXXCompilerId.cpp
  CMakeCXXCompilerId.cpp
Link:
  C:\Program Files\Microsoft Visual Studio\2022\Community\VC\Tools\MSVC\14.44.35207\bin\HostX64\x64\link.exe /ERRORREPORT:QUEUE /OUT:".\CompilerIdCXX.exe" /INCREMENTAL:NO /NOLOGO /LIBPATH:"C:\Tools\vcpkg\installed\x64-windows\lib" /LIBPATH:"C:\Tools\vcpkg\installed\x64-windows\lib\manual-link" kernel32.lib user32.lib gdi32.lib winspool.lib comdlg32.lib advapi32.lib shell32.lib ole32.lib oleaut32.lib uuid.lib odbc32.lib odbccp32.lib "C:\Tools\vcpkg\installed\x64-windows\lib\*.lib" /MANIFEST /MANIFESTUAC:"level='asInvoker' uiAccess='false'" /manifest:embed /PDB:".\CompilerIdCXX.pdb" /SUBSYSTEM:CONSOLE /TLBID:1 /DYNAMICBASE /NXCOMPAT /IMPLIB:".\CompilerIdCXX.lib" /MACHINE:X64 Debug\CMakeCXXCompilerId.obj
  CompilerIdCXX.vcxproj -> D:\GIT_PROJECT\Homeworks_Netology_C_plus_plus\Qt_programming\12-Qt_Diplom\Source\indexer\build\CMakeFiles\3.24.2\CompilerIdCXX\CompilerIdCXX.exe
AppLocalFromInstalled:
  pwsh.exe -ExecutionPolicy Bypass -noprofile -File "C:\Tools\vcpkg\scripts\buildsystems\msbuild\applocal.ps1" "D:\GIT_PROJECT\Homeworks_Netology_C_plus_plus\Qt_programming\12-Qt_Diplom\Source\indexer\build\CMakeFiles\3.24.2\CompilerIdCXX\CompilerIdCXX.exe" "C:\Tools\vcpkg\installed\x64-windows\bin" "Debug\CompilerIdCXX.tlog\CompilerIdCXX.write.1u.tlog" "Debug\vcpkg.applocal.log"
PostBuildEvent:
  for %%i in (cl.exe) do @echo CMAKE_CXX_COMPILER=%%~$PATH:i
  :VCEnd
  CMAKE_CXX_COMPILER=C:\Program Files\Microsoft Visual Studio\2022\Community\VC\Tools\MSVC\14.44.35207\bin\Hostx64\x64\cl.exe
FinalizeBuildStatus:
  в•ЁРҙв•Ёв–‘в•Ёв•Јв•Ёв•— "Debug\CompilerIdCXX.tlog\unsuccessfulbuild" в•ӨР“в•Ёв”Өв•Ёв–‘в•Ёв•—в•ӨРҹв•Ёв•Ўв•ӨР’в•ӨР‘в•ӨРҹ.
  в•ЁР®в•Ёв–’в•ӨРҗв•Ёв–‘в•ӨРҷв•Ёв•Ўв•Ёв•ңв•Ёв••в•Ёв•Ў в•Ёв•‘ "Debug\CompilerIdCXX.tlog\CompilerIdCXX.lastbuildstate".
в•ЁРұв•Ёв–’в•Ёв•ӣв•ӨРҗв•Ёв•‘в•Ёв–‘ в•Ёв”җв•ӨРҗв•Ёв•ӣв•Ёв•Ўв•Ёв•‘в•ӨР’в•Ёв–‘ "D:\GIT_PROJECT\Homeworks_Netology_C_plus_plus\Qt_programming\12-Qt_Diplom\Source\indexer\build\CMakeFiles\3.24.2\CompilerIdCXX\CompilerIdCXX.vcxproj" в•Ёв•–в•Ёв–‘в•Ёв–“в•Ёв•Ўв•ӨРҗв•ӨРҳв•Ёв•Ўв•Ёв•ңв•Ёв–‘ (в•ӨР–в•Ёв•Ўв•Ёв•—в•Ёв•Ўв•Ёв–“в•ӨРӣв•Ёв•Ў в•Ёв•ӣв•Ёв–’в•ӨРҡв•Ёв•Ўв•Ёв•‘в•ӨР’в•ӨРӣ в•Ёв”җв•Ёв•ӣ в•ӨР“в•Ёв•қв•Ёв•ӣв•Ёв•—в•ӨР—в•Ёв–‘в•Ёв•ңв•Ёв••в•ӨРһ).

в•ЁРұв•Ёв–’в•Ёв•ӣв•ӨРҗв•Ёв•‘в•Ёв–‘ в•ӨР“в•ӨР‘в•Ёв”җв•Ёв•Ўв•ӨРҳв•Ёв•ңв•Ёв•ӣ в•Ёв•–в•Ёв–‘в•Ёв–“в•Ёв•Ўв•ӨРҗв•ӨРҳв•Ёв•Ўв•Ёв•ңв•Ёв–‘.
    в•ЁРҜв•ӨРҗв•Ёв•Ўв•Ёв”Өв•ӨР“в•Ёв”җв•ӨРҗв•Ёв•Ўв•Ёв•ўв•Ёв”Өв•Ёв•Ўв•Ёв•ңв•Ёв••в•Ёв•Ј: 0
    в•ЁР®в•ӨРҳв•Ёв••в•Ёв–’в•Ёв•ӣв•Ёв•‘: 0

в•ЁРҜв•ӨРҗв•Ёв•ӣв•ӨРҳв•Ёв•—в•Ёв•ӣ в•Ёв–“в•ӨРҗв•Ёв•Ўв•Ёв•қв•Ёв•Ўв•Ёв•ңв•Ёв•• 00:00:00.89


Compilation of the CXX compiler identification source "CMakeCXXCompilerId.cpp" produced "CompilerIdCXX.exe"

Compilation of the CXX compiler identification source "CMakeCXXCompilerId.cpp" produced "CompilerIdCXX.vcxproj"

The CXX compiler identification is MSVC, found in "D:/GIT_PROJECT/Homeworks_Netology_C_plus_plus/Qt_programming/12-Qt_Diplom/Source/indexer/build/CMakeFiles/3.24.2/CompilerIdCXX/CompilerIdCXX.exe"

Detecting CXX compiler ABI info compiled with the following output:
Change Dir: D:/GIT_PROJECT/Homeworks_Netology_C_plus_plus/Qt_programming/12-Qt_Diplom/Source/indexer/build/CMakeFiles/CMakeTmp

Run Build Command(s):C:/Program Files/Microsoft Visual Studio/2022/Community/MSBuild/Current/Bin/amd64/MSBuild.exe cmTC_22cd4.vcxproj /p:Configuration=Debug /p:Platform=x64 /p:VisualStudioVersion=17.0 /v:m && в•ЁРўв•Ёв•Ўв•ӨРҗв•ӨР‘в•Ёв••в•ӨРҹ MSBuild 17.14.23+b0019275e в•Ёв”Өв•Ёв•—в•ӨРҹ .NET Framework

  в•ЁР®в•Ёв”җв•ӨР’в•Ёв••в•Ёв•қв•Ёв••в•Ёв•–в•Ёв••в•ӨРҗв•ӨР“в•ӨРһв•ӨРҷв•Ёв••в•Ёв•Ј в•Ёв•‘в•Ёв•ӣв•Ёв•қв•Ёв”җв•Ёв••в•Ёв•—в•ӨРҹв•ӨР’в•Ёв•ӣв•ӨРҗ Microsoft (R) C/C++ в•Ёв–“в•Ёв•Ўв•ӨРҗв•ӨР‘в•Ёв••в•Ёв•• 19.44.35221 в•Ёв”Өв•Ёв•—в•ӨРҹ x64
  (C) в•ЁРӘв•Ёв•ӣв•ӨРҗв•Ёв”җв•Ёв•ӣв•ӨРҗв•Ёв–‘в•ӨР–в•Ёв••в•ӨРҹ в•ЁР¬в•Ёв–‘в•Ёв•Јв•Ёв•‘в•ӨРҗв•Ёв•ӣв•ӨР‘в•Ёв•ӣв•ӨР”в•ӨР’ (Microsoft Corporation).  в•ЁРўв•ӨР‘в•Ёв•Ў в•Ёв”җв•ӨРҗв•Ёв–‘в•Ёв–“в•Ёв–‘ в•Ёв•–в•Ёв–‘в•ӨРҷв•Ёв••в•ӨРҷв•Ёв•Ўв•Ёв•ңв•ӨРӣ.
  cl /c /I"C:\Tools\vcpkg\installed\x64-windows\include" /Zi /W3 /WX- /diagnostics:column /Od /Ob0 /D _MBCS /D WIN32 /D _WINDOWS /D "CMAKE_INTDIR=\"Debug\"" /Gm- /EHsc /RTC1 /MDd /GS /fp:precise /Zc:wchar_t /Zc:forScope /Zc:inline /GR /Fo"cmTC_22cd4.dir\Debug\\" /Fd"cmTC_22cd4.dir\Debug\vc143.pdb" /external:W3 /Gd /TP /errorReport:queue "C:\Qt\Tools\CMake_64\share\cmake-3.24\Modules\CMakeCXXCompilerABI.cpp"
  CMakeCXXCompilerABI.cpp
  cmTC_22cd4.vcxproj -> D:\GIT_PROJECT\Homeworks_Netology_C_plus_plus\Qt_programming\12-Qt_Diplom\Source\indexer\build\CMakeFiles\CMakeTmp\Debug\cmTC_22cd4.exe



Performing C++ SOURCE FILE Test HAVE_STDATOMIC succeeded with the following output:
Change Dir: D:/GIT_PROJECT/Homeworks_Netology_C_plus_plus/Qt_programming/12-Qt_Diplom/Source/indexer/build/CMakeFiles/CMakeTmp

Run Build Command(s):C:/Program Files/Microsoft Visual Studio/2022/Community/MSBuild/Current/Bin/amd64/MSBuild.exe cmTC_bd6b2.vcxproj /p:Configuration=Debug /p:Platform=x64 /p:VisualStudioVersion=17.0 /v:m && в•ЁРўв•Ёв•Ўв•ӨРҗв•ӨР‘в•Ёв••в•ӨРҹ MSBuild 17.14.23+b0019275e в•Ёв”Өв•Ёв•—в•ӨРҹ .NET Framework

  в•ЁР®в•Ёв”җв•ӨР’в•Ёв••в•Ёв•қв•Ёв••в•Ёв•–в•Ёв••в•ӨРҗв•ӨР“в•ӨРһв•ӨРҷв•Ёв••в•Ёв•Ј в•Ёв•‘в•Ёв•ӣв•Ёв•қв•Ёв”җв•Ёв••в•Ёв•—в•ӨРҹв•ӨР’в•Ёв•ӣв•ӨРҗ Microsoft (R) C/C++ в•Ёв–“в•Ёв•Ўв•ӨРҗв•ӨР‘в•Ёв••в•Ёв•• 19.44.35221 в•Ёв”Өв•Ёв•—в•ӨРҹ x64
  (C) в•ЁРӘв•Ёв•ӣв•ӨРҗв•Ёв”җв•Ёв•ӣв•ӨРҗв•Ёв–‘в•ӨР–в•Ёв••в•ӨРҹ в•ЁР¬в•Ёв–‘в•Ёв•Јв•Ёв•‘в•ӨРҗв•Ёв•ӣв•ӨР‘в•Ёв•ӣв•ӨР”в•ӨР’ (Microsoft Corporation).  в•ЁРўв•ӨР‘в•Ёв•Ў в•Ёв”җв•ӨРҗв•Ёв–‘в•Ёв–“в•Ёв–‘ в•Ёв•–в•Ёв–‘в•ӨРҷв•Ёв••в•ӨРҷв•Ёв•Ўв•Ёв•ңв•ӨРӣ.
  cl /c /I"C:\Tools\vcpkg\installed\x64-windows\include" /Zi /W3 /WX- /diagnostics:column /Od /Ob0 /D _MBCS /D WIN32 /D _WINDOWS /D HAVE_STDATOMIC /D "CMAKE_INTDIR=\"Debug\"" /Gm- /EHsc /RTC1 /MDd /GS /fp:precise /Zc:wchar_t /Zc:forScope /Zc:inline /GR /std:c++17 /Fo"cmTC_bd6b2.dir\Debug\\" /Fd"cmTC_bd6b2.dir\Debug\vc143.pdb" /external:W3 /Gd /TP /errorReport:queue "D:\GIT_PROJECT\Homeworks_Netology_C_plus_plus\Qt_programming\12-Qt_Diplom\Source\indexer\build\CMakeFiles\CMakeTmp\src.cxx"
  src.cxx
  cmTC_bd6b2.vcxproj -> D:\GIT_PROJECT\Homeworks_Netology_C_plus_plus\Qt_programming\12-Qt_Diplom\Source\indexer\build\CMakeFiles\CMakeTmp\Debug\cmTC_bd6b2.exe


Source file was:
#include <atomic>
#include <cstdint>

int main(int, char **)
{
    volatile std::atomic<char>    size_1;
    volatile std::atomic<short>   size_2;
    volatile std::atomic<int>     size_4;
    volatile std::atomic<int64_t> size_8;

    ++size_1;
    ++size_2;
    ++size_4;
    ++size_8;

    (void)size_1.load(std::memory_order_relaxed);
    (void)size_2.load(std::memory_order_relaxed);
    (void)size_4.load(std::memory_order_relaxed);
    (void)size_8.load(std::memory_order_relaxed);

    return 0;
}
